<?xml version="1.0" encoding="UTF-8"?>
<!-- Generated by org.testng.reporters.JUnitReportReporter -->
<testsuite hostname="IMPC3478" name="imageSubmissionPortalTestcases.ImageSubmissionDropdown" tests="1" failures="0" timestamp="12 Sep 2016 12:39:38 GMT" time="19.938" errors="0">
  <testcase name="ImageSubmissionPortaltest" time="19.938" classname="imageSubmissionPortalTestcases.ImageSubmissionDropdown"/>
</testsuite> <!-- imageSubmissionPortalTestcases.ImageSubmissionDropdown -->
