<?xml version="1.0" encoding="UTF-8"?>
<!-- Generated by org.testng.reporters.JUnitReportReporter -->
<testsuite hostname="IMPC3478" name="imageSubmissionPortalTestcases.ImageSubmissionDropdown" tests="1" failures="0" timestamp="26 Aug 2016 09:04:52 GMT" time="0.000" errors="1">
  <testcase name="ImageSubmissionPortaltest" time="0.000" classname="imageSubmissionPortalTestcases.ImageSubmissionDropdown">
    <error type="org.openqa.selenium.WebDriverException" message="Failed to connect to binary FirefoxBinary(C:\Program Files\Mozilla Firefox\firefox.exe) on port 7055; process output follows: 
-7e08-4474-a285-3208198ce6fd}&quot;,&quot;syncGUID&quot;:&quot;EZcoX1hL2Yxh&quot;,&quot;location&quot;:&quot;app-global&quot;,&quot;version&quot;:&quot;48.0&quot;,&quot;type&quot;:&quot;theme&quot;,&quot;internalName&quot;:&quot;classic/1.0&quot;,&quot;updateURL&quot;:null,&quot;updateKey&quot;:null,&quot;optionsURL&quot;:null,&quot;optionsType&quot;:null,&quot;aboutURL&quot;:null,&quot;icons&quot;:{&quot;32&quot;:&quot;icon.png&quot;,&quot;48&quot;:&quot;icon.png&quot;},&quot;iconURL&quot;:null,&quot;icon64URL&quot;:null,&quot;defaultLocale&quot;:{&quot;name&quot;:&quot;Default&quot;,&quot;description&quot;:&quot;The default theme.&quot;,&quot;creator&quot;:&quot;Mozilla&quot;,&quot;homepageURL&quot;:null,&quot;contributors&quot;:[&quot;Mozilla Contributors&quot;]},&quot;visible&quot;:true,&quot;active&quot;:true,&quot;userDisabled&quot;:false,&quot;appDisabled&quot;:false,&quot;descriptor&quot;:&quot;C:\\Program Files\\Mozilla Firefox\\browser\\extensions\\{972ce4c6-7e08-4474-a285-3208198ce6fd}.xpi&quot;,&quot;installDate&quot;:1469558821000,&quot;updateDate&quot;:1469558821000,&quot;applyBackgroundUpdates&quot;:1,&quot;skinnable&quot;:true,&quot;size&quot;:21899,&quot;sourceURI&quot;:null,&quot;releaseNotesURI&quot;:null,&quot;softDisabled&quot;:false,&quot;foreignInstall&quot;:false,&quot;hasBinaryComponents&quot;:false,&quot;strictCompatibility&quot;:true,&quot;locales&quot;:[],&quot;targetApplications&quot;:[{&quot;id&quot;:&quot;{ec8030f7-c20a-464f-9b0e-13a3a9e97384}&quot;,&quot;minVersion&quot;:&quot;48.0&quot;,&quot;maxVersion&quot;:&quot;48.0&quot;}],&quot;targetPlatforms&quot;:[],&quot;seen&quot;:true}
1472202246057	addons.xpi	DEBUG	getModTime: Recursive scan of {972ce4c6-7e08-4474-a285-3208198ce6fd}
1472202246058	DeferredSave.extensions.json	DEBUG	Save changes
1472202246058	addons.xpi	DEBUG	Updating database with changes to installed add-ons
1472202246058	addons.xpi-utils	DEBUG	Updating add-on states
1472202246059	addons.xpi-utils	DEBUG	Writing add-ons list
1472202246062	addons.xpi	DEBUG	Registering manifest for C:\Program Files\Mozilla Firefox\browser\features\e10srollout@mozilla.org.xpi
1472202246062	addons.xpi	DEBUG	Calling bootstrap method startup on e10srollout@mozilla.org version 1.0
1472202246062	addons.xpi	DEBUG	Registering manifest for C:\Program Files\Mozilla Firefox\browser\features\firefox@getpocket.com.xpi
1472202246063	addons.xpi	DEBUG	Calling bootstrap method startup on firefox@getpocket.com version 1.0.4
1472202246063	addons.xpi	DEBUG	Registering manifest for C:\Program Files\Mozilla Firefox\browser\features\loop@mozilla.org.xpi
1472202246063	addons.xpi	DEBUG	Calling bootstrap method startup on loop@mozilla.org version 1.4.3
1472202246085	addons.manager	DEBUG	Registering shutdown blocker for XPIProvider
1472202246085	addons.manager	DEBUG	Provider finished startup: XPIProvider
1472202246085	addons.manager	DEBUG	Starting provider: LightweightThemeManager
1472202246085	addons.manager	DEBUG	Registering shutdown blocker for LightweightThemeManager
1472202246085	addons.manager	DEBUG	Provider finished startup: LightweightThemeManager
1472202246086	addons.manager	DEBUG	Starting provider: GMPProvider
1472202246091	addons.manager	DEBUG	Registering shutdown blocker for GMPProvider
1472202246092	addons.manager	DEBUG	Provider finished startup: GMPProvider
1472202246092	addons.manager	DEBUG	Starting provider: PluginProvider
1472202246092	addons.manager	DEBUG	Registering shutdown blocker for PluginProvider
1472202246092	addons.manager	DEBUG	Provider finished startup: PluginProvider
1472202246092	addons.manager	DEBUG	Completed startup sequence
1472202247613	addons.manager	DEBUG	Starting provider: &lt;unnamed-provider&gt;
1472202247613	addons.manager	DEBUG	Registering shutdown blocker for &lt;unnamed-provider&gt;
1472202247613	addons.manager	DEBUG	Provider finished startup: &lt;unnamed-provider&gt;
1472202247615	DeferredSave.extensions.json	DEBUG	Starting write
1472202247925	addons.repository	DEBUG	No addons.json found.
1472202247926	DeferredSave.addons.json	DEBUG	Save changes
1472202247928	DeferredSave.addons.json	DEBUG	Starting timer
1472202248066	addons.manager	DEBUG	Starting provider: PreviousExperimentProvider
1472202248066	addons.manager	DEBUG	Registering shutdown blocker for PreviousExperimentProvider
1472202248066	addons.manager	DEBUG	Provider finished startup: PreviousExperimentProvider
1472202248069	DeferredSave.extensions.json	DEBUG	Write succeeded
1472202248069	addons.xpi-utils	DEBUG	XPI Database saved, setting schema version preference to 17
1472202248070	DeferredSave.addons.json	DEBUG	Starting write
1472202248100	DeferredSave.addons.json	DEBUG	Write succeeded

Build info: version: &#039;2.53.1&#039;, revision: &#039;a36b8b1cd5757287168e54b817830adce9b0158d&#039;, time: &#039;2016-06-30 19:26:09&#039;
System info: host: &#039;IMPC3478&#039;, ip: &#039;10.1.17.62&#039;, os.name: &#039;Windows 8.1&#039;, os.arch: &#039;amd64&#039;, os.version: &#039;6.3&#039;, java.version: &#039;1.8.0_25&#039;
Driver info: driver.version: FirefoxDriver">
      <![CDATA[org.openqa.selenium.WebDriverException: Failed to connect to binary FirefoxBinary(C:\Program Files\Mozilla Firefox\firefox.exe) on port 7055; process output follows: 
-7e08-4474-a285-3208198ce6fd}","syncGUID":"EZcoX1hL2Yxh","location":"app-global","version":"48.0","type":"theme","internalName":"classic/1.0","updateURL":null,"updateKey":null,"optionsURL":null,"optionsType":null,"aboutURL":null,"icons":{"32":"icon.png","48":"icon.png"},"iconURL":null,"icon64URL":null,"defaultLocale":{"name":"Default","description":"The default theme.","creator":"Mozilla","homepageURL":null,"contributors":["Mozilla Contributors"]},"visible":true,"active":true,"userDisabled":false,"appDisabled":false,"descriptor":"C:\\Program Files\\Mozilla Firefox\\browser\\extensions\\{972ce4c6-7e08-4474-a285-3208198ce6fd}.xpi","installDate":1469558821000,"updateDate":1469558821000,"applyBackgroundUpdates":1,"skinnable":true,"size":21899,"sourceURI":null,"releaseNotesURI":null,"softDisabled":false,"foreignInstall":false,"hasBinaryComponents":false,"strictCompatibility":true,"locales":[],"targetApplications":[{"id":"{ec8030f7-c20a-464f-9b0e-13a3a9e97384}","minVersion":"48.0","maxVersion":"48.0"}],"targetPlatforms":[],"seen":true}
1472202246057	addons.xpi	DEBUG	getModTime: Recursive scan of {972ce4c6-7e08-4474-a285-3208198ce6fd}
1472202246058	DeferredSave.extensions.json	DEBUG	Save changes
1472202246058	addons.xpi	DEBUG	Updating database with changes to installed add-ons
1472202246058	addons.xpi-utils	DEBUG	Updating add-on states
1472202246059	addons.xpi-utils	DEBUG	Writing add-ons list
1472202246062	addons.xpi	DEBUG	Registering manifest for C:\Program Files\Mozilla Firefox\browser\features\e10srollout@mozilla.org.xpi
1472202246062	addons.xpi	DEBUG	Calling bootstrap method startup on e10srollout@mozilla.org version 1.0
1472202246062	addons.xpi	DEBUG	Registering manifest for C:\Program Files\Mozilla Firefox\browser\features\firefox@getpocket.com.xpi
1472202246063	addons.xpi	DEBUG	Calling bootstrap method startup on firefox@getpocket.com version 1.0.4
1472202246063	addons.xpi	DEBUG	Registering manifest for C:\Program Files\Mozilla Firefox\browser\features\loop@mozilla.org.xpi
1472202246063	addons.xpi	DEBUG	Calling bootstrap method startup on loop@mozilla.org version 1.4.3
1472202246085	addons.manager	DEBUG	Registering shutdown blocker for XPIProvider
1472202246085	addons.manager	DEBUG	Provider finished startup: XPIProvider
1472202246085	addons.manager	DEBUG	Starting provider: LightweightThemeManager
1472202246085	addons.manager	DEBUG	Registering shutdown blocker for LightweightThemeManager
1472202246085	addons.manager	DEBUG	Provider finished startup: LightweightThemeManager
1472202246086	addons.manager	DEBUG	Starting provider: GMPProvider
1472202246091	addons.manager	DEBUG	Registering shutdown blocker for GMPProvider
1472202246092	addons.manager	DEBUG	Provider finished startup: GMPProvider
1472202246092	addons.manager	DEBUG	Starting provider: PluginProvider
1472202246092	addons.manager	DEBUG	Registering shutdown blocker for PluginProvider
1472202246092	addons.manager	DEBUG	Provider finished startup: PluginProvider
1472202246092	addons.manager	DEBUG	Completed startup sequence
1472202247613	addons.manager	DEBUG	Starting provider: <unnamed-provider>
1472202247613	addons.manager	DEBUG	Registering shutdown blocker for <unnamed-provider>
1472202247613	addons.manager	DEBUG	Provider finished startup: <unnamed-provider>
1472202247615	DeferredSave.extensions.json	DEBUG	Starting write
1472202247925	addons.repository	DEBUG	No addons.json found.
1472202247926	DeferredSave.addons.json	DEBUG	Save changes
1472202247928	DeferredSave.addons.json	DEBUG	Starting timer
1472202248066	addons.manager	DEBUG	Starting provider: PreviousExperimentProvider
1472202248066	addons.manager	DEBUG	Registering shutdown blocker for PreviousExperimentProvider
1472202248066	addons.manager	DEBUG	Provider finished startup: PreviousExperimentProvider
1472202248069	DeferredSave.extensions.json	DEBUG	Write succeeded
1472202248069	addons.xpi-utils	DEBUG	XPI Database saved, setting schema version preference to 17
1472202248070	DeferredSave.addons.json	DEBUG	Starting write
1472202248100	DeferredSave.addons.json	DEBUG	Write succeeded

Build info: version: '2.53.1', revision: 'a36b8b1cd5757287168e54b817830adce9b0158d', time: '2016-06-30 19:26:09'
System info: host: 'IMPC3478', ip: '10.1.17.62', os.name: 'Windows 8.1', os.arch: 'amd64', os.version: '6.3', java.version: '1.8.0_25'
Driver info: driver.version: FirefoxDriver
	at org.openqa.selenium.firefox.internal.NewProfileExtensionConnection.start(NewProfileExtensionConnection.java:125)
	at org.openqa.selenium.firefox.FirefoxDriver.startClient(FirefoxDriver.java:271)
	at org.openqa.selenium.remote.RemoteWebDriver.<init>(RemoteWebDriver.java:119)
	at org.openqa.selenium.firefox.FirefoxDriver.<init>(FirefoxDriver.java:216)
	at org.openqa.selenium.firefox.FirefoxDriver.<init>(FirefoxDriver.java:211)
	at org.openqa.selenium.firefox.FirefoxDriver.<init>(FirefoxDriver.java:207)
	at org.openqa.selenium.firefox.FirefoxDriver.<init>(FirefoxDriver.java:120)
	at imageSubmissionPortalTestcases.ImageSubmissionDropdown.setup(ImageSubmissionDropdown.java:25)
	at sun.reflect.NativeMethodAccessorImpl.invoke0(Native Method)
	at sun.reflect.NativeMethodAccessorImpl.invoke(Unknown Source)
	at sun.reflect.DelegatingMethodAccessorImpl.invoke(Unknown Source)
	at java.lang.reflect.Method.invoke(Unknown Source)
	at org.testng.internal.MethodInvocationHelper.invokeMethod(MethodInvocationHelper.java:100)
	at org.testng.internal.Invoker.invokeConfigurationMethod(Invoker.java:515)
	at org.testng.internal.Invoker.invokeConfigurations(Invoker.java:216)
	at org.testng.internal.Invoker.invokeConfigurations(Invoker.java:143)
	at org.testng.TestRunner.beforeRun(TestRunner.java:624)
	at org.testng.TestRunner.run(TestRunner.java:592)
	at org.testng.SuiteRunner.runTest(SuiteRunner.java:366)
	at org.testng.SuiteRunner.access$000(SuiteRunner.java:39)
	at org.testng.SuiteRunner$SuiteWorker.run(SuiteRunner.java:400)
	at org.testng.internal.thread.ThreadUtil$2.call(ThreadUtil.java:64)
	at java.util.concurrent.FutureTask.run(Unknown Source)
	at java.util.concurrent.ThreadPoolExecutor.runWorker(Unknown Source)
	at java.util.concurrent.ThreadPoolExecutor$Worker.run(Unknown Source)
	at java.lang.Thread.run(Unknown Source)
Caused by: org.openqa.selenium.firefox.NotConnectedException: Unable to connect to host 127.0.0.1 on port 7055 after 45000 ms. Firefox console output:
-7e08-4474-a285-3208198ce6fd}","syncGUID":"EZcoX1hL2Yxh","location":"app-global","version":"48.0","type":"theme","internalName":"classic/1.0","updateURL":null,"updateKey":null,"optionsURL":null,"optionsType":null,"aboutURL":null,"icons":{"32":"icon.png","48":"icon.png"},"iconURL":null,"icon64URL":null,"defaultLocale":{"name":"Default","description":"The default theme.","creator":"Mozilla","homepageURL":null,"contributors":["Mozilla Contributors"]},"visible":true,"active":true,"userDisabled":false,"appDisabled":false,"descriptor":"C:\\Program Files\\Mozilla Firefox\\browser\\extensions\\{972ce4c6-7e08-4474-a285-3208198ce6fd}.xpi","installDate":1469558821000,"updateDate":1469558821000,"applyBackgroundUpdates":1,"skinnable":true,"size":21899,"sourceURI":null,"releaseNotesURI":null,"softDisabled":false,"foreignInstall":false,"hasBinaryComponents":false,"strictCompatibility":true,"locales":[],"targetApplications":[{"id":"{ec8030f7-c20a-464f-9b0e-13a3a9e97384}","minVersion":"48.0","maxVersion":"48.0"}],"targetPlatforms":[],"seen":true}
1472202246057	addons.xpi	DEBUG	getModTime: Recursive scan of {972ce4c6-7e08-4474-a285-3208198ce6fd}
1472202246058	DeferredSave.extensions.json	DEBUG	Save changes
1472202246058	addons.xpi	DEBUG	Updating database with changes to installed add-ons
1472202246058	addons.xpi-utils	DEBUG	Updating add-on states
1472202246059	addons.xpi-utils	DEBUG	Writing add-ons list
1472202246062	addons.xpi	DEBUG	Registering manifest for C:\Program Files\Mozilla Firefox\browser\features\e10srollout@mozilla.org.xpi
1472202246062	addons.xpi	DEBUG	Calling bootstrap method startup on e10srollout@mozilla.org version 1.0
1472202246062	addons.xpi	DEBUG	Registering manifest for C:\Program Files\Mozilla Firefox\browser\features\firefox@getpocket.com.xpi
1472202246063	addons.xpi	DEBUG	Calling bootstrap method startup on firefox@getpocket.com version 1.0.4
1472202246063	addons.xpi	DEBUG	Registering manifest for C:\Program Files\Mozilla Firefox\browser\features\loop@mozilla.org.xpi
1472202246063	addons.xpi	DEBUG	Calling bootstrap method startup on loop@mozilla.org version 1.4.3
1472202246085	addons.manager	DEBUG	Registering shutdown blocker for XPIProvider
1472202246085	addons.manager	DEBUG	Provider finished startup: XPIProvider
1472202246085	addons.manager	DEBUG	Starting provider: LightweightThemeManager
1472202246085	addons.manager	DEBUG	Registering shutdown blocker for LightweightThemeManager
1472202246085	addons.manager	DEBUG	Provider finished startup: LightweightThemeManager
1472202246086	addons.manager	DEBUG	Starting provider: GMPProvider
1472202246091	addons.manager	DEBUG	Registering shutdown blocker for GMPProvider
1472202246092	addons.manager	DEBUG	Provider finished startup: GMPProvider
1472202246092	addons.manager	DEBUG	Starting provider: PluginProvider
1472202246092	addons.manager	DEBUG	Registering shutdown blocker for PluginProvider
1472202246092	addons.manager	DEBUG	Provider finished startup: PluginProvider
1472202246092	addons.manager	DEBUG	Completed startup sequence
1472202247613	addons.manager	DEBUG	Starting provider: <unnamed-provider>
1472202247613	addons.manager	DEBUG	Registering shutdown blocker for <unnamed-provider>
1472202247613	addons.manager	DEBUG	Provider finished startup: <unnamed-provider>
1472202247615	DeferredSave.extensions.json	DEBUG	Starting write
1472202247925	addons.repository	DEBUG	No addons.json found.
1472202247926	DeferredSave.addons.json	DEBUG	Save changes
1472202247928	DeferredSave.addons.json	DEBUG	Starting timer
1472202248066	addons.manager	DEBUG	Starting provider: PreviousExperimentProvider
1472202248066	addons.manager	DEBUG	Registering shutdown blocker for PreviousExperimentProvider
1472202248066	addons.manager	DEBUG	Provider finished startup: PreviousExperimentProvider
1472202248069	DeferredSave.extensions.json	DEBUG	Write succeeded
1472202248069	addons.xpi-utils	DEBUG	XPI Database saved, setting schema version preference to 17
1472202248070	DeferredSave.addons.json	DEBUG	Starting write
1472202248100	DeferredSave.addons.json	DEBUG	Write succeeded

	at org.openqa.selenium.firefox.internal.NewProfileExtensionConnection.start(NewProfileExtensionConnection.java:113)
	... 25 more
]]>
    </error>
  </testcase> <!-- ImageSubmissionPortaltest -->
</testsuite> <!-- imageSubmissionPortalTestcases.ImageSubmissionDropdown -->
