<?xml version="1.0" encoding="UTF-8"?>
<!-- Generated by org.testng.reporters.JUnitReportReporter -->
<testsuite hostname="IMPC3478" name="imageSubmissionPortalTestcases.ImageSubmissionDropdown" tests="1" failures="0" timestamp="1 Sep 2016 14:53:35 GMT" time="10.060" errors="0">
  <testcase name="ImageSubmissionPortaltest" time="10.060" classname="imageSubmissionPortalTestcases.ImageSubmissionDropdown"/>
</testsuite> <!-- imageSubmissionPortalTestcases.ImageSubmissionDropdown -->
