<?xml version="1.0" encoding="UTF-8"?>
<!-- Generated by org.testng.reporters.JUnitReportReporter -->
<testsuite hostname="IMPC3478" name="imageSubmissionPortalTestcases.ImageSubmissionDropdown" tests="1" failures="0" timestamp="7 Sep 2016 11:13:43 GMT" time="22.218" errors="0">
  <testcase name="ImageSubmissionPortaltest" time="22.218" classname="imageSubmissionPortalTestcases.ImageSubmissionDropdown"/>
</testsuite> <!-- imageSubmissionPortalTestcases.ImageSubmissionDropdown -->
